# JRE version: Java(TM) SE Runtime Environment (8.0_20-b26) (build 1.8.0_20-b26)
# Java VM: Java HotSpot(TM) 64-Bit Server VM (25.20-b23 mixed mode windows-amd64 compressed oops)
Heap:
 PSYoungGen      total 695808K, used 610807K [0x00000000d5700000, 0x0000000100000000, 0x0000000100000000)
  eden space 694272K, 87% used [0x00000000d5700000,0x00000000faad5d80,0x00000000ffd00000)
  from space 1536K, 43% used [0x00000000ffe80000,0x00000000fff281c0,0x0000000100000000)
  to   space 1536K, 0% used [0x00000000ffd00000,0x00000000ffd00000,0x00000000ffe80000)
 ParOldGen       total 40448K, used 17314K [0x0000000080400000, 0x0000000082b80000, 0x00000000d5700000)
  object space 40448K, 42% used [0x0000000080400000,0x00000000814e8a60,0x0000000082b80000)
 Metaspace       used 15667K, capacity 15842K, committed 16000K, reserved 1062912K
  class space    used 1817K, capacity 1870K, committed 1920K, reserved 1048576K
GC Heap History (10 events):
Event: 938.452 GC heap before
{Heap before GC invocations=2768 (full 4):
 PSYoungGen      total 444416K, used 442706K [0x00000000d5700000, 0x00000000ff780000, 0x0000000100000000)
  eden space 442368K, 100% used [0x00000000d5700000,0x00000000f0700000,0x00000000f0700000)
  from space 2048K, 16% used [0x00000000ff380000,0x00000000ff3d4ba8,0x00000000ff580000)
  to   space 2048K, 0% used [0x00000000ff580000,0x00000000ff580000,0x00000000ff780000)
 ParOldGen       total 40448K, used 17210K [0x0000000080400000, 0x0000000082b80000, 0x00000000d5700000)
  object space 40448K, 42% used [0x0000000080400000,0x00000000814cea60,0x0000000082b80000)
 Metaspace       used 15667K, capacity 15842K, committed 16000K, reserved 1062912K
  class space    used 1817K, capacity 1870K, committed 1920K, reserved 1048576K
Event: 938.453 GC heap after
Heap after GC invocations=2768 (full 4):
 PSYoungGen      total 531456K, used 481K [0x00000000d5700000, 0x00000000ff600000, 0x0000000100000000)
  eden space 530944K, 0% used [0x00000000d5700000,0x00000000d5700000,0x00000000f5d80000)
  from space 512K, 93% used [0x00000000ff580000,0x00000000ff5f84c8,0x00000000ff600000)
  to   space 2048K, 0% used [0x00000000ff200000,0x00000000ff200000,0x00000000ff400000)
 ParOldGen       total 40448K, used 17234K [0x0000000080400000, 0x0000000082b80000, 0x00000000d5700000)
  object space 40448K, 42% used [0x0000000080400000,0x00000000814d4a60,0x0000000082b80000)
 Metaspace       used 15667K, capacity 15842K, committed 16000K, reserved 1062912K
  class space    used 1817K, capacity 1870K, committed 1920K, reserved 1048576K
}
Event: 940.183 GC heap before
{Heap before GC invocations=2769 (full 4):
 PSYoungGen      total 531456K, used 531425K [0x00000000d5700000, 0x00000000ff600000, 0x0000000100000000)
  eden space 530944K, 100% used [0x00000000d5700000,0x00000000f5d80000,0x00000000f5d80000)
  from space 512K, 93% used [0x00000000ff580000,0x00000000ff5f84c8,0x00000000ff600000)
  to   space 2048K, 0% used [0x00000000ff200000,0x00000000ff200000,0x00000000ff400000)
 ParOldGen       total 40448K, used 17234K [0x0000000080400000, 0x0000000082b80000, 0x00000000d5700000)
  object space 40448K, 42% used [0x0000000080400000,0x00000000814d4a60,0x0000000082b80000)
 Metaspace       used 15667K, capacity 15842K, committed 16000K, reserved 1062912K
  class space    used 1817K, capacity 1870K, committed 1920K, reserved 1048576K
Event: 940.184 GC heap after
Heap after GC invocations=2769 (full 4):
 PSYoungGen      total 639488K, used 515K [0x00000000d5700000, 0x00000000ff600000, 0x0000000100000000)
  eden space 637440K, 0% used [0x00000000d5700000,0x00000000d5700000,0x00000000fc580000)
  from space 2048K, 25% used [0x00000000ff200000,0x00000000ff280d30,0x00000000ff400000)
  to   space 1536K, 0% used [0x00000000ff480000,0x00000000ff480000,0x00000000ff600000)
 ParOldGen       total 40448K, used 17266K [0x0000000080400000, 0x0000000082b80000, 0x00000000d5700000)
  object space 40448K, 42% used [0x0000000080400000,0x00000000814dca60,0x0000000082b80000)
 Metaspace       used 15667K, capacity 15842K, committed 16000K, reserved 1062912K
  class space    used 1817K, capacity 1870K, committed 1920K, reserved 1048576K
}
Event: 942.179 GC heap before
{Heap before GC invocations=2770 (full 4):
 PSYoungGen      total 639488K, used 637955K [0x00000000d5700000, 0x00000000ff600000, 0x0000000100000000)
  eden space 637440K, 100% used [0x00000000d5700000,0x00000000fc580000,0x00000000fc580000)
  from space 2048K, 25% used [0x00000000ff200000,0x00000000ff280d30,0x00000000ff400000)
  to   space 1536K, 0% used [0x00000000ff480000,0x00000000ff480000,0x00000000ff600000)
 ParOldGen       total 40448K, used 17266K [0x0000000080400000, 0x0000000082b80000, 0x00000000d5700000)
  object space 40448K, 42% used [0x0000000080400000,0x00000000814dca60,0x0000000082b80000)
 Metaspace       used 15667K, capacity 15842K, committed 16000K, reserved 1062912K
  class space    used 1817K, capacity 1870K, committed 1920K, reserved 1048576K
Event: 942.182 GC heap after
Heap after GC invocations=2770 (full 4):
 PSYoungGen      total 685568K, used 898K [0x00000000d5700000, 0x00000000fff80000, 0x0000000100000000)
  eden space 684032K, 0% used [0x00000000d5700000,0x00000000d5700000,0x00000000ff300000)
  from space 1536K, 58% used [0x00000000ff480000,0x00000000ff5608d8,0x00000000ff600000)
  to   space 1536K, 0% used [0x00000000ff300000,0x00000000ff300000,0x00000000ff480000)
 ParOldGen       total 40448K, used 17274K [0x0000000080400000, 0x0000000082b80000, 0x00000000d5700000)
  object space 40448K, 42% used [0x0000000080400000,0x00000000814dea60,0x0000000082b80000)
 Metaspace       used 15667K, capacity 15842K, committed 16000K, reserved 1062912K
  class space    used 1817K, capacity 1870K, committed 1920K, reserved 1048576K
}
Event: 944.226 GC heap before
{Heap before GC invocations=2771 (full 4):
 PSYoungGen      total 685568K, used 684930K [0x00000000d5700000, 0x00000000fff80000, 0x0000000100000000)
  eden space 684032K, 100% used [0x00000000d5700000,0x00000000ff300000,0x00000000ff300000)
  from space 1536K, 58% used [0x00000000ff480000,0x00000000ff5608d8,0x00000000ff600000)
  to   space 1536K, 0% used [0x00000000ff300000,0x00000000ff300000,0x00000000ff480000)
 ParOldGen       total 40448K, used 17274K [0x0000000080400000, 0x0000000082b80000, 0x00000000d5700000)
  object space 40448K, 42% used [0x0000000080400000,0x00000000814dea60,0x0000000082b80000)
 Metaspace       used 15667K, capacity 15842K, committed 16000K, reserved 1062912K
  class space    used 1817K, capacity 1870K, committed 1920K, reserved 1048576K
Event: 944.228 GC heap after
Heap after GC invocations=2771 (full 4):
 PSYoungGen      total 685568K, used 631K [0x00000000d5700000, 0x0000000100000000, 0x0000000100000000)
  eden space 684032K, 0% used [0x00000000d5700000,0x00000000d5700000,0x00000000ff300000)
  from space 1536K, 41% used [0x00000000ff300000,0x00000000ff39dc20,0x00000000ff480000)
  to   space 1536K, 0% used [0x00000000ffe80000,0x00000000ffe80000,0x0000000100000000)
 ParOldGen       total 40448K, used 17290K [0x0000000080400000, 0x0000000082b80000, 0x00000000d5700000)
  object space 40448K, 42% used [0x0000000080400000,0x00000000814e2a60,0x0000000082b80000)
 Metaspace       used 15667K, capacity 15842K, committed 16000K, reserved 1062912K
  class space    used 1817K, capacity 1870K, committed 1920K, reserved 1048576K
}
Event: 946.349 GC heap before
{Heap before GC invocations=2772 (full 4):
 PSYoungGen      total 685568K, used 684663K [0x00000000d5700000, 0x0000000100000000, 0x0000000100000000)
  eden space 684032K, 100% used [0x00000000d5700000,0x00000000ff300000,0x00000000ff300000)
  from space 1536K, 41% used [0x00000000ff300000,0x00000000ff39dc20,0x00000000ff480000)
  to   space 1536K, 0% used [0x00000000ffe80000,0x00000000ffe80000,0x0000000100000000)
 ParOldGen       total 40448K, used 17290K [0x0000000080400000, 0x0000000082b80000, 0x00000000d5700000)
  object space 40448K, 42% used [0x0000000080400000,0x00000000814e2a60,0x0000000082b80000)
 Metaspace       used 15667K, capacity 15842K, committed 16000K, reserved 1062912K
  class space    used 1817K, capacity 1870K, committed 1920K, reserved 1048576K
Event: 946.351 GC heap after
Heap after GC invocations=2772 (full 4):
 PSYoungGen      total 695808K, used 672K [0x00000000d5700000, 0x0000000100000000, 0x0000000100000000)
  eden space 694272K, 0% used [0x00000000d5700000,0x00000000d5700000,0x00000000ffd00000)
  from space 1536K, 43% used [0x00000000ffe80000,0x00000000fff281c0,0x0000000100000000)
  to   space 1536K, 0% used [0x00000000ffd00000,0x00000000ffd00000,0x00000000ffe80000)
 ParOldGen       total 40448K, used 17314K [0x0000000080400000, 0x0000000082b80000, 0x00000000d5700000)
  object space 40448K, 42% used [0x0000000080400000,0x00000000814e8a60,0x0000000082b80000)
 Metaspace       used 15667K, capacity 15842K, committed 16000K, reserved 1062912K
  class space    used 1817K, capacity 1870K, committed 1920K, reserved 1048576K
}

