# JRE version: Java(TM) SE Runtime Environment (8.0_20-b26) (build 1.8.0_20-b26)
# Java VM: Java HotSpot(TM) 64-Bit Server VM (25.20-b23 mixed mode windows-amd64 compressed oops)
Heap:
 PSYoungGen      total 205312K, used 133434K [0x00000000d5700000, 0x00000000ed480000, 0x0000000100000000)
  eden space 201216K, 66% used [0x00000000d5700000,0x00000000dd908c58,0x00000000e1b80000)
  from space 4096K, 6% used [0x00000000ecc80000,0x00000000eccc5e08,0x00000000ed080000)
  to   space 3584K, 0% used [0x00000000ed100000,0x00000000ed100000,0x00000000ed480000)
 ParOldGen       total 87552K, used 5438K [0x0000000080400000, 0x0000000085980000, 0x00000000d5700000)
  object space 87552K, 6% used [0x0000000080400000,0x000000008094f9a0,0x0000000085980000)
 Metaspace       used 15347K, capacity 15540K, committed 15744K, reserved 1062912K
  class space    used 1807K, capacity 1839K, committed 1920K, reserved 1048576K
GC Heap History (10 events):
Event: 13.570 GC heap before
{Heap before GC invocations=23 (full 0):
 PSYoungGen      total 250368K, used 250016K [0x00000000d5700000, 0x00000000edc00000, 0x0000000100000000)
  eden space 249856K, 100% used [0x00000000d5700000,0x00000000e4b00000,0x00000000e4b00000)
  from space 512K, 31% used [0x00000000edb80000,0x00000000edba8000,0x00000000edc00000)
  to   space 5120K, 0% used [0x00000000ed200000,0x00000000ed200000,0x00000000ed700000)
 ParOldGen       total 87552K, used 5342K [0x0000000080400000, 0x0000000085980000, 0x00000000d5700000)
  object space 87552K, 6% used [0x0000000080400000,0x00000000809379a0,0x0000000085980000)
 Metaspace       used 15341K, capacity 15540K, committed 15744K, reserved 1062912K
  class space    used 1807K, capacity 1839K, committed 1920K, reserved 1048576K
Event: 13.571 GC heap after
Heap after GC invocations=23 (full 0):
 PSYoungGen      total 244224K, used 96K [0x00000000d5700000, 0x00000000edc00000, 0x0000000100000000)
  eden space 239104K, 0% used [0x00000000d5700000,0x00000000d5700000,0x00000000e4080000)
  from space 5120K, 1% used [0x00000000ed200000,0x00000000ed218000,0x00000000ed700000)
  to   space 4608K, 0% used [0x00000000ed780000,0x00000000ed780000,0x00000000edc00000)
 ParOldGen       total 87552K, used 5358K [0x0000000080400000, 0x0000000085980000, 0x00000000d5700000)
  object space 87552K, 6% used [0x0000000080400000,0x000000008093b9a0,0x0000000085980000)
 Metaspace       used 15341K, capacity 15540K, committed 15744K, reserved 1062912K
  class space    used 1807K, capacity 1839K, committed 1920K, reserved 1048576K
}
Event: 13.871 GC heap before
{Heap before GC invocations=24 (full 0):
 PSYoungGen      total 244224K, used 239200K [0x00000000d5700000, 0x00000000edc00000, 0x0000000100000000)
  eden space 239104K, 100% used [0x00000000d5700000,0x00000000e4080000,0x00000000e4080000)
  from space 5120K, 1% used [0x00000000ed200000,0x00000000ed218000,0x00000000ed700000)
  to   space 4608K, 0% used [0x00000000ed780000,0x00000000ed780000,0x00000000edc00000)
 ParOldGen       total 87552K, used 5358K [0x0000000080400000, 0x0000000085980000, 0x00000000d5700000)
  object space 87552K, 6% used [0x0000000080400000,0x000000008093b9a0,0x0000000085980000)
 Metaspace       used 15341K, capacity 15540K, committed 15744K, reserved 1062912K
  class space    used 1807K, capacity 1839K, committed 1920K, reserved 1048576K
Event: 13.872 GC heap after
Heap after GC invocations=24 (full 0):
 PSYoungGen      total 229376K, used 96K [0x00000000d5700000, 0x00000000ed800000, 0x0000000100000000)
  eden space 228864K, 0% used [0x00000000d5700000,0x00000000d5700000,0x00000000e3680000)
  from space 512K, 18% used [0x00000000ed780000,0x00000000ed798000,0x00000000ed800000)
  to   space 4608K, 0% used [0x00000000ecf00000,0x00000000ecf00000,0x00000000ed380000)
 ParOldGen       total 87552K, used 5382K [0x0000000080400000, 0x0000000085980000, 0x00000000d5700000)
  object space 87552K, 6% used [0x0000000080400000,0x00000000809419a0,0x0000000085980000)
 Metaspace       used 15341K, capacity 15540K, committed 15744K, reserved 1062912K
  class space    used 1807K, capacity 1839K, committed 1920K, reserved 1048576K
}
Event: 14.974 GC heap before
{Heap before GC invocations=25 (full 0):
 PSYoungGen      total 229376K, used 228960K [0x00000000d5700000, 0x00000000ed800000, 0x0000000100000000)
  eden space 228864K, 100% used [0x00000000d5700000,0x00000000e3680000,0x00000000e3680000)
  from space 512K, 18% used [0x00000000ed780000,0x00000000ed798000,0x00000000ed800000)
  to   space 4608K, 0% used [0x00000000ecf00000,0x00000000ecf00000,0x00000000ed380000)
 ParOldGen       total 87552K, used 5382K [0x0000000080400000, 0x0000000085980000, 0x00000000d5700000)
  object space 87552K, 6% used [0x0000000080400000,0x00000000809419a0,0x0000000085980000)
 Metaspace       used 15346K, capacity 15540K, committed 15744K, reserved 1062912K
  class space    used 1807K, capacity 1839K, committed 1920K, reserved 1048576K
Event: 14.975 GC heap after
Heap after GC invocations=25 (full 0):
 PSYoungGen      total 223744K, used 217K [0x00000000d5700000, 0x00000000ed800000, 0x0000000100000000)
  eden space 219136K, 0% used [0x00000000d5700000,0x00000000d5700000,0x00000000e2d00000)
  from space 4608K, 4% used [0x00000000ecf00000,0x00000000ecf36588,0x00000000ed380000)
  to   space 4096K, 0% used [0x00000000ed400000,0x00000000ed400000,0x00000000ed800000)
 ParOldGen       total 87552K, used 5406K [0x0000000080400000, 0x0000000085980000, 0x00000000d5700000)
  object space 87552K, 6% used [0x0000000080400000,0x00000000809479a0,0x0000000085980000)
 Metaspace       used 15346K, capacity 15540K, committed 15744K, reserved 1062912K
  class space    used 1807K, capacity 1839K, committed 1920K, reserved 1048576K
}
Event: 16.393 GC heap before
{Heap before GC invocations=26 (full 0):
 PSYoungGen      total 223744K, used 219353K [0x00000000d5700000, 0x00000000ed800000, 0x0000000100000000)
  eden space 219136K, 100% used [0x00000000d5700000,0x00000000e2d00000,0x00000000e2d00000)
  from space 4608K, 4% used [0x00000000ecf00000,0x00000000ecf36588,0x00000000ed380000)
  to   space 4096K, 0% used [0x00000000ed400000,0x00000000ed400000,0x00000000ed800000)
 ParOldGen       total 87552K, used 5406K [0x0000000080400000, 0x0000000085980000, 0x00000000d5700000)
  object space 87552K, 6% used [0x0000000080400000,0x00000000809479a0,0x0000000085980000)
 Metaspace       used 15346K, capacity 15540K, committed 15744K, reserved 1062912K
  class space    used 1807K, capacity 1839K, committed 1920K, reserved 1048576K
Event: 16.395 GC heap after
Heap after GC invocations=26 (full 0):
 PSYoungGen      total 210432K, used 217K [0x00000000d5700000, 0x00000000ed480000, 0x0000000100000000)
  eden space 209920K, 0% used [0x00000000d5700000,0x00000000d5700000,0x00000000e2400000)
  from space 512K, 42% used [0x00000000ed400000,0x00000000ed4367d8,0x00000000ed480000)
  to   space 4096K, 0% used [0x00000000ecc80000,0x00000000ecc80000,0x00000000ed080000)
 ParOldGen       total 87552K, used 5422K [0x0000000080400000, 0x0000000085980000, 0x00000000d5700000)
  object space 87552K, 6% used [0x0000000080400000,0x000000008094b9a0,0x0000000085980000)
 Metaspace       used 15346K, capacity 15540K, committed 15744K, reserved 1062912K
  class space    used 1807K, capacity 1839K, committed 1920K, reserved 1048576K
}
Event: 17.810 GC heap before
{Heap before GC invocations=27 (full 0):
 PSYoungGen      total 210432K, used 210137K [0x00000000d5700000, 0x00000000ed480000, 0x0000000100000000)
  eden space 209920K, 100% used [0x00000000d5700000,0x00000000e2400000,0x00000000e2400000)
  from space 512K, 42% used [0x00000000ed400000,0x00000000ed4367d8,0x00000000ed480000)
  to   space 4096K, 0% used [0x00000000ecc80000,0x00000000ecc80000,0x00000000ed080000)
 ParOldGen       total 87552K, used 5422K [0x0000000080400000, 0x0000000085980000, 0x00000000d5700000)
  object space 87552K, 6% used [0x0000000080400000,0x000000008094b9a0,0x0000000085980000)
 Metaspace       used 15347K, capacity 15540K, committed 15744K, reserved 1062912K
  class space    used 1807K, capacity 1839K, committed 1920K, reserved 1048576K
Event: 17.817 GC heap after
Heap after GC invocations=27 (full 0):
 PSYoungGen      total 205312K, used 279K [0x00000000d5700000, 0x00000000ed480000, 0x0000000100000000)
  eden space 201216K, 0% used [0x00000000d5700000,0x00000000d5700000,0x00000000e1b80000)
  from space 4096K, 6% used [0x00000000ecc80000,0x00000000eccc5e08,0x00000000ed080000)
  to   space 3584K, 0% used [0x00000000ed100000,0x00000000ed100000,0x00000000ed480000)
 ParOldGen       total 87552K, used 5438K [0x0000000080400000, 0x0000000085980000, 0x00000000d5700000)
  object space 87552K, 6% used [0x0000000080400000,0x000000008094f9a0,0x0000000085980000)
 Metaspace       used 15347K, capacity 15540K, committed 15744K, reserved 1062912K
  class space    used 1807K, capacity 1839K, committed 1920K, reserved 1048576K
}

