# JRE version: Java(TM) SE Runtime Environment (8.0_20-b26) (build 1.8.0_20-b26)
# Java VM: Java HotSpot(TM) 64-Bit Server VM (25.20-b23 mixed mode windows-amd64 compressed oops)
Heap:
 PSYoungGen      total 370176K, used 197968K [0x00000000d5700000, 0x00000000fc480000, 0x0000000100000000)
  eden space 369152K, 53% used [0x00000000d5700000,0x00000000e17f64d8,0x00000000ebf80000)
  from space 1024K, 36% used [0x00000000fc280000,0x00000000fc2ddc38,0x00000000fc380000)
  to   space 1024K, 0% used [0x00000000fc380000,0x00000000fc380000,0x00000000fc480000)
 ParOldGen       total 40960K, used 8340K [0x0000000080400000, 0x0000000082c00000, 0x00000000d5700000)
  object space 40960K, 20% used [0x0000000080400000,0x0000000080c251d0,0x0000000082c00000)
 Metaspace       used 15560K, capacity 15714K, committed 16000K, reserved 1062912K
  class space    used 1811K, capacity 1870K, committed 1920K, reserved 1048576K
GC Heap History (10 events):
Event: 691.772 GC heap before
{Heap before GC invocations=2640 (full 3):
 PSYoungGen      total 466944K, used 466814K [0x00000000d5700000, 0x00000000fc580000, 0x0000000100000000)
  eden space 466432K, 100% used [0x00000000d5700000,0x00000000f1e80000,0x00000000f1e80000)
  from space 512K, 74% used [0x00000000fc500000,0x00000000fc55fae8,0x00000000fc580000)
  to   space 1024K, 0% used [0x00000000fc380000,0x00000000fc380000,0x00000000fc480000)
 ParOldGen       total 40960K, used 8220K [0x0000000080400000, 0x0000000082c00000, 0x00000000d5700000)
  object space 40960K, 20% used [0x0000000080400000,0x0000000080c071d0,0x0000000082c00000)
 Metaspace       used 15560K, capacity 15714K, committed 16000K, reserved 1062912K
  class space    used 1811K, capacity 1870K, committed 1920K, reserved 1048576K
Event: 691.776 GC heap after
Heap after GC invocations=2640 (full 3):
 PSYoungGen      total 445952K, used 505K [0x00000000d5700000, 0x00000000fc580000, 0x0000000100000000)
  eden space 444928K, 0% used [0x00000000d5700000,0x00000000d5700000,0x00000000f0980000)
  from space 1024K, 49% used [0x00000000fc380000,0x00000000fc3fe578,0x00000000fc480000)
  to   space 1024K, 0% used [0x00000000fc480000,0x00000000fc480000,0x00000000fc580000)
 ParOldGen       total 40960K, used 8236K [0x0000000080400000, 0x0000000082c00000, 0x00000000d5700000)
  object space 40960K, 20% used [0x0000000080400000,0x0000000080c0b1d0,0x0000000082c00000)
 Metaspace       used 15560K, capacity 15714K, committed 16000K, reserved 1062912K
  class space    used 1811K, capacity 1870K, committed 1920K, reserved 1048576K
}
Event: 693.203 GC heap before
{Heap before GC invocations=2641 (full 3):
 PSYoungGen      total 445952K, used 445433K [0x00000000d5700000, 0x00000000fc580000, 0x0000000100000000)
  eden space 444928K, 100% used [0x00000000d5700000,0x00000000f0980000,0x00000000f0980000)
  from space 1024K, 49% used [0x00000000fc380000,0x00000000fc3fe578,0x00000000fc480000)
  to   space 1024K, 0% used [0x00000000fc480000,0x00000000fc480000,0x00000000fc580000)
 ParOldGen       total 40960K, used 8236K [0x0000000080400000, 0x0000000082c00000, 0x00000000d5700000)
  object space 40960K, 20% used [0x0000000080400000,0x0000000080c0b1d0,0x0000000082c00000)
 Metaspace       used 15560K, capacity 15714K, committed 16000K, reserved 1062912K
  class space    used 1811K, capacity 1870K, committed 1920K, reserved 1048576K
Event: 693.204 GC heap after
Heap after GC invocations=2641 (full 3):
 PSYoungGen      total 424960K, used 291K [0x00000000d5700000, 0x00000000fc500000, 0x0000000100000000)
  eden space 424448K, 0% used [0x00000000d5700000,0x00000000d5700000,0x00000000ef580000)
  from space 512K, 56% used [0x00000000fc480000,0x00000000fc4c8c20,0x00000000fc500000)
  to   space 1024K, 0% used [0x00000000fc300000,0x00000000fc300000,0x00000000fc400000)
 ParOldGen       total 40960K, used 8268K [0x0000000080400000, 0x0000000082c00000, 0x00000000d5700000)
  object space 40960K, 20% used [0x0000000080400000,0x0000000080c131d0,0x0000000082c00000)
 Metaspace       used 15560K, capacity 15714K, committed 16000K, reserved 1062912K
  class space    used 1811K, capacity 1870K, committed 1920K, reserved 1048576K
}
Event: 694.520 GC heap before
{Heap before GC invocations=2642 (full 3):
 PSYoungGen      total 424960K, used 424739K [0x00000000d5700000, 0x00000000fc500000, 0x0000000100000000)
  eden space 424448K, 100% used [0x00000000d5700000,0x00000000ef580000,0x00000000ef580000)
  from space 512K, 56% used [0x00000000fc480000,0x00000000fc4c8c20,0x00000000fc500000)
  to   space 1024K, 0% used [0x00000000fc300000,0x00000000fc300000,0x00000000fc400000)
 ParOldGen       total 40960K, used 8268K [0x0000000080400000, 0x0000000082c00000, 0x00000000d5700000)
  object space 40960K, 20% used [0x0000000080400000,0x0000000080c131d0,0x0000000082c00000)
 Metaspace       used 15560K, capacity 15714K, committed 16000K, reserved 1062912K
  class space    used 1811K, capacity 1870K, committed 1920K, reserved 1048576K
Event: 694.522 GC heap after
Heap after GC invocations=2642 (full 3):
 PSYoungGen      total 406016K, used 430K [0x00000000d5700000, 0x00000000fc500000, 0x0000000100000000)
  eden space 404992K, 0% used [0x00000000d5700000,0x00000000d5700000,0x00000000ee280000)
  from space 1024K, 41% used [0x00000000fc300000,0x00000000fc36b840,0x00000000fc400000)
  to   space 1024K, 0% used [0x00000000fc400000,0x00000000fc400000,0x00000000fc500000)
 ParOldGen       total 40960K, used 8292K [0x0000000080400000, 0x0000000082c00000, 0x00000000d5700000)
  object space 40960K, 20% used [0x0000000080400000,0x0000000080c191d0,0x0000000082c00000)
 Metaspace       used 15560K, capacity 15714K, committed 16000K, reserved 1062912K
  class space    used 1811K, capacity 1870K, committed 1920K, reserved 1048576K
}
Event: 695.843 GC heap before
{Heap before GC invocations=2643 (full 3):
 PSYoungGen      total 406016K, used 405422K [0x00000000d5700000, 0x00000000fc500000, 0x0000000100000000)
  eden space 404992K, 100% used [0x00000000d5700000,0x00000000ee280000,0x00000000ee280000)
  from space 1024K, 41% used [0x00000000fc300000,0x00000000fc36b840,0x00000000fc400000)
  to   space 1024K, 0% used [0x00000000fc400000,0x00000000fc400000,0x00000000fc500000)
 ParOldGen       total 40960K, used 8292K [0x0000000080400000, 0x0000000082c00000, 0x00000000d5700000)
  object space 40960K, 20% used [0x0000000080400000,0x0000000080c191d0,0x0000000082c00000)
 Metaspace       used 15560K, capacity 15714K, committed 16000K, reserved 1062912K
  class space    used 1811K, capacity 1870K, committed 1920K, reserved 1048576K
Event: 695.845 GC heap after
Heap after GC invocations=2643 (full 3):
 PSYoungGen      total 387072K, used 507K [0x00000000d5700000, 0x00000000fc480000, 0x0000000100000000)
  eden space 386560K, 0% used [0x00000000d5700000,0x00000000d5700000,0x00000000ed080000)
  from space 512K, 99% used [0x00000000fc400000,0x00000000fc47ef80,0x00000000fc480000)
  to   space 1024K, 0% used [0x00000000fc280000,0x00000000fc280000,0x00000000fc380000)
 ParOldGen       total 40960K, used 8308K [0x0000000080400000, 0x0000000082c00000, 0x00000000d5700000)
  object space 40960K, 20% used [0x0000000080400000,0x0000000080c1d1d0,0x0000000082c00000)
 Metaspace       used 15560K, capacity 15714K, committed 16000K, reserved 1062912K
  class space    used 1811K, capacity 1870K, committed 1920K, reserved 1048576K
}
Event: 697.012 GC heap before
{Heap before GC invocations=2644 (full 3):
 PSYoungGen      total 387072K, used 387067K [0x00000000d5700000, 0x00000000fc480000, 0x0000000100000000)
  eden space 386560K, 100% used [0x00000000d5700000,0x00000000ed080000,0x00000000ed080000)
  from space 512K, 99% used [0x00000000fc400000,0x00000000fc47ef80,0x00000000fc480000)
  to   space 1024K, 0% used [0x00000000fc280000,0x00000000fc280000,0x00000000fc380000)
 ParOldGen       total 40960K, used 8308K [0x0000000080400000, 0x0000000082c00000, 0x00000000d5700000)
  object space 40960K, 20% used [0x0000000080400000,0x0000000080c1d1d0,0x0000000082c00000)
 Metaspace       used 15560K, capacity 15714K, committed 16000K, reserved 1062912K
  class space    used 1811K, capacity 1870K, committed 1920K, reserved 1048576K
Event: 697.014 GC heap after
Heap after GC invocations=2644 (full 3):
 PSYoungGen      total 370176K, used 375K [0x00000000d5700000, 0x00000000fc480000, 0x0000000100000000)
  eden space 369152K, 0% used [0x00000000d5700000,0x00000000d5700000,0x00000000ebf80000)
  from space 1024K, 36% used [0x00000000fc280000,0x00000000fc2ddc38,0x00000000fc380000)
  to   space 1024K, 0% used [0x00000000fc380000,0x00000000fc380000,0x00000000fc480000)
 ParOldGen       total 40960K, used 8340K [0x0000000080400000, 0x0000000082c00000, 0x00000000d5700000)
  object space 40960K, 20% used [0x0000000080400000,0x0000000080c251d0,0x0000000082c00000)
 Metaspace       used 15560K, capacity 15714K, committed 16000K, reserved 1062912K
  class space    used 1811K, capacity 1870K, committed 1920K, reserved 1048576K
}

